<?xml version="1.0" encoding="UTF-8"?>
<!-- Generated by org.testng.reporters.JUnitXMLReporter -->
<testsuite ignored="0" hostname="MS" failures="1" tests="3" name="Assert Test" time="0.057" errors="0" timestamp="2023-02-19T16:46:26 EST">
  <testcase classname="TestNG_Demo.TestNGSoftAssertion" name="test1" time="0.007"/>
  <testcase classname="TestNG_Demo.TestNGSoftAssertion" name="test2" time="0.012">
    <failure type="java.lang.AssertionError" message="The following asserts failed:
	expected [false] but found [true],
	expected [random] but found [random1]">
      <![CDATA[java.lang.AssertionError: The following asserts failed:
expected [false] but found [true],
expected [random] but found [random1]
at TestNG_Demo.TestNGSoftAssertion.test2(TestNGSoftAssertion.java:27)
at java.base/java.util.ArrayList.forEach(ArrayList.java:1541)
... Removed 30 stack frames]]>
    </failure>
  </testcase> <!-- test2 -->
  <testcase classname="TestNG_Demo.TestNGHardAssertion" name="demoTest" time="0.001"/>
</testsuite> <!-- Assert Test -->
